C51 COMPILER V9.01   LED                                                                   01/06/2021 20:55:16 PAGE 1   


C51 COMPILER V9.01, COMPILATION OF MODULE LED
OBJECT MODULE PLACED IN .\Objects\LED.obj
COMPILER INVOKED BY: D:\Keil_v5\C51\BIN\C51.EXE LED.c OPTIMIZE(8,SPEED) BROWSE DEBUG OBJECTEXTEND PRINT(.\Listings\LED.l
                    -st) TABS(2) OBJECT(.\Objects\LED.obj)

line level    source

   1          #include "reg52.h"
   2          #define led P2  //LED接在P2
   3          
   4          void Delay100ms();  //函数原型
   5          void delay100msx(long x); //函数原型：输入参数x表示延时几个100ms
   6          
   7          
   8          void main(){            //主函数
   9   1        int i;//计数变量
  10   1        led=~0x01;
  11   1        P0 = 0;   //关闭数字的数码管，防止显示错误（非必要）
  12   1        delay100msx(5); //延时
  13   1        while(1)
  14   1        { 
  15   2          for(i=0;i<8;i++)
  16   2          {
  17   3            P2=~(0x07<<i);   //将1右移i位，然后将结果赋值到P2口
  18   3            delay100msx(5); //大约延时500ms
  19   3          }
  20   2      }
  21   1      }
  22          
  23          
  24          void Delay100ms()   //@11.0592MHz
  25          {//这个函数在STC-ISP里面可以找到
  26   1        unsigned char i, j;
  27   1      
  28   1        i = 180;
  29   1        j = 73;
  30   1        do
  31   1        {
  32   2          while (--j);
  33   2        } while (--i);
  34   1      }
  35          
  36          void delay100msx(long x){
  37   1      int i;//计数变量
  38   1      for(i = 0; i < x ; i++){
  39   2        Delay100ms();
  40   2      }
  41   1      }


MODULE INFORMATION:   STATIC OVERLAYABLE
   CODE SIZE        =    118    ----
   CONSTANT SIZE    =   ----    ----
   XDATA SIZE       =   ----    ----
   PDATA SIZE       =   ----    ----
   DATA SIZE        =   ----       6
   IDATA SIZE       =   ----    ----
   BIT SIZE         =   ----    ----
END OF MODULE INFORMATION.


C51 COMPILATION COMPLETE.  0 WARNING(S),  0 ERROR(S)
