C51 COMPILER V9.01   DELAY                                                                 01/13/2021 18:55:26 PAGE 1   


C51 COMPILER V9.01, COMPILATION OF MODULE DELAY
OBJECT MODULE PLACED IN delay.OBJ
COMPILER INVOKED BY: D:\Keil_v5\C51\BIN\C51.EXE delay.c OPTIMIZE(8,SPEED) BROWSE INCDIR(..\05ด๓สตั้) DEBUG OBJECTEXTEND 
                    -PRINT(.\Listings\delay.lst) TABS(2)

line level    source

   1          #include "delay.h"
   2          
   3          void Delay1ms()   //@11.0592MHz
   4          {
   5   1        unsigned char i, j;
   6   1      
   7   1        //_nop_();
   8   1        i = 2;
   9   1        j = 199;
  10   1        do
  11   1        {
  12   2          while (--j);
  13   2        } while (--i);
  14   1      }
  15          
  16          void Delay10us()    //@11.0592MHz
  17          {
  18   1        unsigned char i;
  19   1      
  20   1        i = 2;
  21   1        while (--i);
  22   1      }
  23          
  24          void delayus(long x){
  25   1      int i;
  26   1        for(i = 0; i < x/10; i++){
  27   2        Delay10us();
  28   2        }
  29   1      }
  30          
  31          void delay(long x){
  32   1        int i;
  33   1        for(i = 0; i < x ; i++){
  34   2        Delay1ms();
  35   2        }
  36   1      }


MODULE INFORMATION:   STATIC OVERLAYABLE
   CODE SIZE        =    124    ----
   CONSTANT SIZE    =   ----    ----
   XDATA SIZE       =   ----    ----
   PDATA SIZE       =   ----    ----
   DATA SIZE        =   ----      10
   IDATA SIZE       =   ----    ----
   BIT SIZE         =   ----    ----
END OF MODULE INFORMATION.


C51 COMPILATION COMPLETE.  0 WARNING(S),  0 ERROR(S)
