C51 COMPILER V9.01   UART                                                                  01/13/2021 23:21:02 PAGE 1   


C51 COMPILER V9.01, COMPILATION OF MODULE UART
OBJECT MODULE PLACED IN UART.OBJ
COMPILER INVOKED BY: D:\Keil_v5\C51\BIN\C51.EXE UART.c OPTIMIZE(8,SPEED) BROWSE INCDIR(..\05大实验) DEBUG OBJECTEXTEND P
                    -RINT(.\Listings\UART.lst) TABS(2)

line level    source

   1          #include "UART.h"
   2          extern unsigned char mech_step;
   3          extern unsigned char recv_commond;
   4          
   5          char putchar(char c){ //重写了putchar函数，在include stdio.h后就可以使用printf了
   6   1        SBUF = c;
   7   1        while(!TI);//Here，等待清除标志位，注意这里是阻塞的
   8   1        TI = 0;
   9   1        return c;
  10   1      }
  11          
  12          
  13          void UartInit(void)   //4800bps@11.0592MHz
  14          {
  15   1        PCON &= 0x7F;   //波特率不倍速
  16   1        SCON = 0x50;    //8位数据,可变波特率
  17   1        //AUXR &= 0xBF;   //定时器1时钟为Fosc/12,即12T
  18   1        //AUXR &= 0xFE;   //串口1选择定时器1为波特率发生器
  19   1        //stc中才有这个AUXR寄存器，没有的话，默认选定时器1、12T模式，再删去这一行即可
  20   1        TMOD &= 0x0F;   //清除定时器1模式位
  21   1        TMOD |= 0x20;   //设定定时器1为8位自动重装方式
  22   1        TL1 = 0xFA;   //设定定时初值
  23   1        TH1 = 0xFA;   //设定定时器重装值
  24   1        ET1 = 0;    //禁止定时器1中断
  25   1        ES = 1;
  26   1        EA = 1;
  27   1        TR1 = 1;    //启动定时器1
  28   1      }
  29          
  30          void uart_ISR() interrupt 4
  31          {
  32   1        unsigned char recv_data;
  33   1        if(RI){
  34   2          RI = 0;
  35   2          recv_data = SBUF;
  36   2          switch(mech_step){
  37   3            case 1:{
  38   4            if(recv_data == '^'){
  39   5            mech_step = 2;
  40   5            }
  41   4            }break;
  42   3            case 2:{
  43   4            if(recv_data == LocalHost){
  44   5            mech_step = 3;  
  45   5            }
  46   4            else {
  47   5            mech_step = 1;
  48   5            }
  49   4            }break;
  50   3            case 3:{
  51   4            recv_commond = recv_data;
  52   4            mech_step = 1;  //接收完毕
  53   4              //if(recv_commond == '1')
  54   4                {
C51 COMPILER V9.01   UART                                                                  01/13/2021 23:21:02 PAGE 2   

  55   5              printf("【0x41】从机A应答！\r\n");
  56   5              }
  57   4            }break;
  58   3            default :break;
  59   3          }
  60   2      
  61   2        }
  62   1      } 


MODULE INFORMATION:   STATIC OVERLAYABLE
   CODE SIZE        =    146    ----
   CONSTANT SIZE    =     22    ----
   XDATA SIZE       =   ----    ----
   PDATA SIZE       =   ----    ----
   DATA SIZE        =   ----    ----
   IDATA SIZE       =   ----    ----
   BIT SIZE         =   ----    ----
END OF MODULE INFORMATION.


C51 COMPILATION COMPLETE.  0 WARNING(S),  0 ERROR(S)
