C51 COMPILER V9.01   KEY                                                                   01/14/2021 09:22:52 PAGE 1   


C51 COMPILER V9.01, COMPILATION OF MODULE KEY
OBJECT MODULE PLACED IN key.OBJ
COMPILER INVOKED BY: D:\Keil_v5\C51\BIN\C51.EXE key.c OPTIMIZE(8,SPEED) BROWSE INCDIR(..\05大实验) DEBUG OBJECTEXTEND PR
                    -INT(.\Listings\key.lst) TABS(2)

line level    source

   1          #include "reg52.h"
   2          #include "key.h"
   3          #include "delay.h"
   4          int keypros()
   5          {
   6   1        if(k1==0)     //检测按键K1是否按下
   7   1        { //k1 = 1;
   8   2          delay(10);   //消除抖动 一般大约10ms
   9   2          if(k1==0)  //再次判断按键是否按下
  10   2          { while(!k1);
  11   3            return 1;   
  12   3          }
  13   2          
  14   2        }
  15   1          
  16   1        
  17   1          if(k2==0)     //检测按键K1是否按下
  18   1        { //k2 = 1;
  19   2          delay(10);   //消除抖动 一般大约10ms
  20   2          if(k2==0)  //再次判断按键是否按下
  21   2          { 
  22   3            while(!k2)delay(10);
  23   3            return 2;   //led状态取反
  24   3          }
  25   2        }
  26   1        
  27   1        
  28   1          if(k3==0)     //检测按键K1是否按下
  29   1        { 
  30   2          delay(10);   //消除抖动 一般大约10ms
  31   2          if(k3==0)  //再次判断按键是否按下
  32   2          {
  33   3            while(!k3);
  34   3            return 3;   //led状态取反
  35   3          }
  36   2          
  37   2        }
  38   1        
  39   1        
  40   1          if(k4==0)     //检测按键K1是否按下
  41   1        { 
  42   2          delay(10);   //消除抖动 一般大约10ms
  43   2          if(k4==0)  //再次判断按键是否按下
  44   2          {
  45   3            while(!k4);
  46   3            return 4;   //led状态取反
  47   3          }
  48   2          while(!k4);
  49   2        }
  50   1        
  51   1        return -1;
  52   1      }


C51 COMPILER V9.01   KEY                                                                   01/14/2021 09:22:52 PAGE 2   

MODULE INFORMATION:   STATIC OVERLAYABLE
   CODE SIZE        =    121    ----
   CONSTANT SIZE    =   ----    ----
   XDATA SIZE       =   ----    ----
   PDATA SIZE       =   ----    ----
   DATA SIZE        =   ----    ----
   IDATA SIZE       =   ----    ----
   BIT SIZE         =   ----    ----
END OF MODULE INFORMATION.


C51 COMPILATION COMPLETE.  0 WARNING(S),  0 ERROR(S)
