C51 COMPILER V9.01   MAIN                                                                  01/14/2021 09:43:49 PAGE 1   


C51 COMPILER V9.01, COMPILATION OF MODULE MAIN
OBJECT MODULE PLACED IN main.OBJ
COMPILER INVOKED BY: D:\Keil_v5\C51\BIN\C51.EXE main.c OPTIMIZE(8,SPEED) BROWSE INCDIR(..\05大实验) DEBUG OBJECTEXTEND P
                    -RINT(.\Listings\main.lst) TABS(2)

line level    source

   1          #include "reg52.h"
   2          #include "disp.h"
   3          #include "delay.h"
   4          #include "key.h"
   5          #include "pwm.h"
   6          #include "UART.h"
   7          #include "temp.h"
   8          
   9          unsigned char KeyValue; //用来存放读取到的键值
  10          unsigned char TL0_ON ,TH0_ON,TL0_OFF,TH0_OFF;//u16
  11          unsigned char key_val;
  12          unsigned char speed = 1,speed_old;
  13          unsigned int  counter = 0xFFF0,counter_OFF = 0xFFF0;
  14          unsigned char mode = 1;
  15          unsigned char mech_step = 1;
  16          unsigned char recv_commond = 0;
  17          unsigned char safeState = 0;
  18          int tempre;
  19          int cc = 5;
  20          void main(){
  21   1        Timer0Init();
  22   1        UartInit();
  23   1        printf("ON");
  24   1        while(1){
  25   2              //printf("【%f】\r\n",(int)5);
  26   2          if(!cc--){
  27   3          tempre = Ds18b20ReadTemp()/16;
  28   3            //printf("【%d】\r\n",tempre);
  29   3          if(tempre>=29){
  30   4            safeState = 1;
  31   4            cc = 50;
  32   4          }
  33   3          else 
  34   3          {
  35   4          safeState = 0;
  36   4                  cc = 50;
  37   4          }
  38   3          }
  39   2      
  40   2          //printf("%d\r\n",Ds18b20ReadTemp()/16);
  41   2          if(recv_commond-48>=1 && recv_commond-48 <=16){//串口调速
  42   3          speed = recv_commond-48;
  43   3          }
  44   2        key_val = keypros();
  45   2          switch(key_val)
  46   2            {case 1:mode = 1; break;
  47   3            case 2: 
  48   3          if(speed<16){speed++;}
  49   3          else {speed = 16;}
  50   3          break;
  51   3          case 3: 
  52   3          if(speed>=1){speed--;}
  53   3          break;
  54   3          case 4:mode = 4;break;
C51 COMPILER V9.01   MAIN                                                                  01/14/2021 09:43:49 PAGE 2   

  55   3            default :break;
  56   3          }
  57   2          if(speed != speed_old)
  58   2          {
  59   3          counter = counterCul(0.2 + speed/20.0);
  60   3          counter_OFF = 65535- (counter - 64613);
  61   3          TL0_ON = counter;
  62   3          TH0_ON = counter>>8;
  63   3          TL0_OFF = counter_OFF;
  64   3          TH0_OFF = counter_OFF>>8;
  65   3          speed_old = speed;
  66   3          }
  67   2          display_smg();
  68   2        }
  69   1      }


MODULE INFORMATION:   STATIC OVERLAYABLE
   CODE SIZE        =    221    ----
   CONSTANT SIZE    =      3    ----
   XDATA SIZE       =   ----    ----
   PDATA SIZE       =   ----    ----
   DATA SIZE        =     20    ----
   IDATA SIZE       =   ----    ----
   BIT SIZE         =   ----    ----
END OF MODULE INFORMATION.


C51 COMPILATION COMPLETE.  0 WARNING(S),  0 ERROR(S)
