C51 COMPILER V9.01   PWM                                                                   01/14/2021 09:22:52 PAGE 1   


C51 COMPILER V9.01, COMPILATION OF MODULE PWM
OBJECT MODULE PLACED IN pwm.OBJ
COMPILER INVOKED BY: D:\Keil_v5\C51\BIN\C51.EXE pwm.c OPTIMIZE(8,SPEED) BROWSE INCDIR(..\05大实验) DEBUG OBJECTEXTEND PR
                    -INT(.\Listings\pwm.lst) TABS(2)

line level    source

   1          #include "pwm.h"
   2          sbit beep = P1^5;
   3          extern unsigned char safeState;
   4          
   5          void moto_turn(int turn){
   6   1        if(turn == 0){
   7   2        moto_pos = 1;
   8   2        }
   9   1        else {
  10   2        moto_pos = 0;
  11   2        }
  12   1        
  13   1      
  14   1      }
  15          unsigned int counterCul(float dutycycle){//1kHz
  16   1        return 65535-(int)(1000*dutycycle*11.0592/12.0);//pwm周期为1000us即1ms（1kHz）
  17   1      }
  18          
  19          void Timer0Init()
  20          {
  21   1        TMOD|=0X01;//选择为定时器0模式，工作方式1，仅用TR0打开启动。
  22   1        TH0=0XCD; //给定时器赋初值，定时1ms
  23   1        TL0=0XD4; 
  24   1        ET0=1;//打开定时器0中断允许
  25   1        EA=1;//打开总中断
  26   1        TR0=1;//打开定时器      
  27   1      }
  28          
  29          void Timer0() interrupt 1
  30          { 
  31   1        if(safeState){
  32   2          TH0 = 0xFB;
  33   2          TL0 = 0xAE;
  34   2        beep=~beep;
  35   2        }
  36   1        else
  37   1          {
  38   2        if(speed ==0 ){
  39   3        moto_pos = 1;
  40   3        }
  41   2        if(moto_pos == 0)
  42   2          {   
  43   3            P2 = P2 & 0x1C | 0x00;
  44   3              moto_pos = 1;        //设置高电平持续时间
  45   3              TH0 = TH0_ON;
  46   3              TL0 = TL0_ON;
  47   3          }
  48   2          else
  49   2          {   P2 = P2 & 0x1C | 0xE3;
  50   3              moto_pos = 0;        //设置低电平持续时间         
  51   3            TH0 = TH0_OFF;
  52   3            TL0 = TL0_OFF;
  53   3          }
  54   2        }
C51 COMPILER V9.01   PWM                                                                   01/14/2021 09:22:52 PAGE 2   

  55   1      }
  56            


MODULE INFORMATION:   STATIC OVERLAYABLE
   CODE SIZE        =    133    ----
   CONSTANT SIZE    =   ----    ----
   XDATA SIZE       =   ----    ----
   PDATA SIZE       =   ----    ----
   DATA SIZE        =   ----       4
   IDATA SIZE       =   ----    ----
   BIT SIZE         =   ----    ----
END OF MODULE INFORMATION.


C51 COMPILATION COMPLETE.  0 WARNING(S),  0 ERROR(S)
