C51 COMPILER V9.01   KEY                                                                   01/13/2021 22:44:22 PAGE 1   


C51 COMPILER V9.01, COMPILATION OF MODULE KEY
OBJECT MODULE PLACED IN key.OBJ
COMPILER INVOKED BY: D:\Keil_v5\C51\BIN\C51.EXE key.c OPTIMIZE(8,SPEED) BROWSE INCDIR(..\05大实验) DEBUG OBJECTEXTEND PR
                    -INT(.\Listings\key.lst) TABS(2)

line level    source

   1          #include "reg52.h"
   2          #include "key.h"
   3          #include "delay.h"
   4          
   5          int keypros()
   6          {
   7   1        if(k1==0)     //检测按键K1是否按下
   8   1        { //k1 = 1;
   9   2          delay(10);   //消除抖动 一般大约10ms
  10   2          if(k1==0)  //再次判断按键是否按下
  11   2          { while(!k1);
  12   3            return 1;   
  13   3          }
  14   2          
  15   2        }
  16   1          
  17   1        
  18   1          if(k2==0)     //检测按键K1是否按下
  19   1        { //k2 = 1;
  20   2          delay(10);   //消除抖动 一般大约10ms
  21   2          if(k2==0)  //再次判断按键是否按下
  22   2          { 
  23   3            while(!k2)delay(10);
  24   3            return 2;   //led状态取反
  25   3          }
  26   2        }
  27   1        
  28   1        
  29   1          if(k3==0)     //检测按键K1是否按下
  30   1        { 
  31   2          delay(10);   //消除抖动 一般大约10ms
  32   2          if(k3==0)  //再次判断按键是否按下
  33   2          {
  34   3            while(!k3);
  35   3            return 3;   //led状态取反
  36   3          }
  37   2          
  38   2        }
  39   1        
  40   1        
  41   1          if(k4==0)     //检测按键K1是否按下
  42   1        { 
  43   2          delay(10);   //消除抖动 一般大约10ms
  44   2          if(k4==0)  //再次判断按键是否按下
  45   2          {
  46   3            while(!k4);
  47   3            return 4;   //led状态取反
  48   3          }
  49   2          while(!k4);
  50   2        }
  51   1        
  52   1        return -1;
  53   1      }
  54          
C51 COMPILER V9.01   KEY                                                                   01/13/2021 22:44:22 PAGE 2   

  55          
  56          


MODULE INFORMATION:   STATIC OVERLAYABLE
   CODE SIZE        =    121    ----
   CONSTANT SIZE    =   ----    ----
   XDATA SIZE       =   ----    ----
   PDATA SIZE       =   ----    ----
   DATA SIZE        =   ----    ----
   IDATA SIZE       =   ----    ----
   BIT SIZE         =   ----    ----
END OF MODULE INFORMATION.


C51 COMPILATION COMPLETE.  0 WARNING(S),  0 ERROR(S)
