C51 COMPILER V9.01   MAIN                                                                  01/13/2021 23:17:24 PAGE 1   


C51 COMPILER V9.01, COMPILATION OF MODULE MAIN
OBJECT MODULE PLACED IN main.OBJ
COMPILER INVOKED BY: D:\Keil_v5\C51\BIN\C51.EXE main.c OPTIMIZE(8,SPEED) BROWSE INCDIR(..\05大实验) DEBUG OBJECTEXTEND P
                    -RINT(.\Listings\main.lst) TABS(2)

line level    source

   1          #include "reg52.h"
   2          #include "disp.h"
   3          #include "delay.h"
   4          #include "key.h"
   5          #include "pwm.h"
   6          #include "UART.h"
   7          #include "safe.h"
   8          #include "temp.h"
   9          
  10          sbit beep=P1^5;  
  11          
  12          unsigned char KeyValue; //用来存放读取到的键值
  13          unsigned char TL0_ON ,TH0_ON,TL0_OFF,TH0_OFF;//u16
  14          unsigned char key_val;
  15          unsigned char speed = 1,speed_old;
  16          unsigned int  counter = 0xFFF0,counter_OFF = 0xFFF0;
  17          unsigned char mode = 1;
  18          unsigned char mech_step = 1;
  19          unsigned char recv_commond = 0; //
  20          unsigned char safeState = 0;
  21          unsigned char DisplayData[10];
  22          unsigned char beep_flag = 0;
  23          int aa=0;
  24          
  25          void main(){
  26   1        static unsigned int time_c = 1000; 
  27   1        delay(1000);
  28   1        Timer0Init();
  29   1        UartInit();
  30   1        printf("ON");
  31   1        while(1){
  32   2        printf("【%d】",(int)aa++);
  33   2        }
  34   1        while(1){
  35   2        if(recv_commond>=1 && recv_commond <=16){//串口调速
  36   3          speed = recv_commond;
  37   3          printf("【%d】",aa++);
  38   3        }
  39   2        if(!time_c--){  
  40   3        safeState = get_safe_sta(); //获取安全状态
  41   3          time_c = 1000;
  42   3        }
  43   2        
  44   2      switch(safeState){
  45   3        case 0:{//正常模式
  46   4              
  47   4        recv_commond = 0;
  48   4        key_val = keypros();  //按键调速
  49   4          switch(key_val)
  50   4            {case 1:mode = 1; break;
  51   5            case 2: 
  52   5          if(speed<16){speed++;}
  53   5          else {speed = 16;}
  54   5          break;
C51 COMPILER V9.01   MAIN                                                                  01/13/2021 23:17:24 PAGE 2   

  55   5          case 3: 
  56   5          if(speed>=1){speed--;}
  57   5          break;
  58   5          case 4:mode = 4;break;
  59   5            default :break;
  60   5          }
  61   4          if(speed != speed_old)
  62   4          {
  63   5          counter = counterCul(0.2 + speed/20.0);
  64   5          counter_OFF = 65535- (counter - 64613);
  65   5          TL0_ON = counter;
  66   5          TH0_ON = counter>>8;
  67   5          TL0_OFF = counter_OFF;
  68   5          TH0_OFF = counter_OFF>>8;
  69   5          speed_old = speed;
  70   5          }
  71   4          display_smg();
  72   4        }break;
  73   3        case 1:{//告警模式
  74   4          float fp;
  75   4          static unsigned int cc =0;
  76   4          if(!beep_flag){
  77   5          beep_flag = 1;    
  78   5          datapros(fp = Ds18b20ReadTemp());
  79   5          }
  80   4          if(!cc--){
  81   5          datapros(fp = Ds18b20ReadTemp());
  82   5          printf("【0x41】OVERTEMP %.2f\r\n",(fp*0.0625*100+0.5)/100);
  83   5          cc = 100;
  84   5          }
  85   4          DigDisplay();
  86   4        }break;
  87   3        default:{}break;
  88   3        
  89   3        }
  90   2        }
  91   1      }


MODULE INFORMATION:   STATIC OVERLAYABLE
   CODE SIZE        =     50    ----
   CONSTANT SIZE    =     34    ----
   XDATA SIZE       =   ----    ----
   PDATA SIZE       =   ----    ----
   DATA SIZE        =     33       4
   IDATA SIZE       =   ----    ----
   BIT SIZE         =   ----    ----
END OF MODULE INFORMATION.


C51 COMPILATION COMPLETE.  0 WARNING(S),  0 ERROR(S)
