C51 COMPILER V9.01   PWM                                                                   01/13/2021 23:27:20 PAGE 1   


C51 COMPILER V9.01, COMPILATION OF MODULE PWM
OBJECT MODULE PLACED IN pwm.OBJ
COMPILER INVOKED BY: D:\Keil_v5\C51\BIN\C51.EXE pwm.c OPTIMIZE(8,SPEED) BROWSE INCDIR(..\05大实验) DEBUG OBJECTEXTEND PR
                    -INT(.\Listings\pwm.lst) TABS(2)

line level    source

   1          #include "pwm.h"
   2          sbit beep = P1^5;
   3          extern unsigned char beep_flag;
   4          extern unsigned char safeState;
   5          
   6          void moto_turn(int turn){
   7   1        if(turn == 0){
   8   2        moto_pos = 1;
   9   2        }
  10   1        else {
  11   2        moto_pos = 0;
  12   2        }
  13   1        
  14   1      
  15   1      }
  16          unsigned int counterCul(float dutycycle){//1kHz
  17   1        return 65535-(int)(1000*dutycycle*11.0592/12.0);//pwm周期为1000us即1ms（1kHz）
  18   1      }
  19          
  20          void Timer0Init()
  21          {
  22   1        TMOD|=0X01;//选择为定时器0模式，工作方式1，仅用TR0打开启动。
  23   1        TH0=0XCD; //给定时器赋初值，定时1ms
  24   1        TL0=0XD4; 
  25   1        ET0=1;//打开定时器0中断允许
  26   1        EA=1;//打开总中断
  27   1        TR0=1;//打开定时器      
  28   1      }
  29          
  30          void Timer0() interrupt 1
  31          {
  32   1        /*if(safeState){
  33   1          TH0 = 0xFB;
  34   1          TL0 = 0xAE;
  35   1        beep=~beep;
  36   1        }*/
  37   1        //else
  38   1          {
  39   2        if(speed ==0 ){
  40   3        moto_pos = 1;
  41   3        }
  42   2        if(moto_pos == 0)
  43   2          {   
  44   3            P2 = P2 & 0x1C | 0x00;
  45   3              moto_pos = 1;        //设置高电平持续时间
  46   3              TH0 = TH0_ON;
  47   3              TL0 = TL0_ON;
  48   3          }
  49   2          else
  50   2          {   P2 = P2 & 0x1C | 0xE3;
  51   3              moto_pos = 0;        //设置低电平持续时间         
  52   3            TH0 = TH0_OFF;
  53   3            TL0 = TL0_OFF;
  54   3          }
C51 COMPILER V9.01   PWM                                                                   01/13/2021 23:27:20 PAGE 2   

  55   2        }
  56   1        return;
  57   1      }
  58            


MODULE INFORMATION:   STATIC OVERLAYABLE
   CODE SIZE        =    119    ----
   CONSTANT SIZE    =   ----    ----
   XDATA SIZE       =   ----    ----
   PDATA SIZE       =   ----    ----
   DATA SIZE        =   ----       4
   IDATA SIZE       =   ----    ----
   BIT SIZE         =   ----    ----
END OF MODULE INFORMATION.


C51 COMPILATION COMPLETE.  0 WARNING(S),  0 ERROR(S)
