C51 COMPILER V9.01   SAFE                                                                  01/13/2021 21:37:49 PAGE 1   


C51 COMPILER V9.01, COMPILATION OF MODULE SAFE
OBJECT MODULE PLACED IN safe.OBJ
COMPILER INVOKED BY: D:\Keil_v5\C51\BIN\C51.EXE safe.c OPTIMIZE(8,SPEED) BROWSE INCDIR(..\05ด๓สตั้) DEBUG OBJECTEXTEND P
                    -RINT(.\Listings\safe.lst) TABS(2)

line level    source

   1          #include "temp.h"
   2          #include "safe.h"
   3          #include "delay.h"
   4          unsigned char get_safe_sta(){
   5   1      
   6   1        if((Ds18b20ReadTemp_regular()*0.0625*100+0.5)/100 >= 29){
*** WARNING C206 IN LINE 6 OF SAFE.C: 'Ds18b20ReadTemp_regular': missing function-prototype
   7   2          delay(100);
   8   2          if((Ds18b20ReadTemp_regular()*0.0625*100+0.5)/100 >= 29){
   9   3          return 1;
  10   3          }
  11   2        }
  12   1        else{
  13   2        return 0;
  14   2        }
  15   1      }
*** WARNING C291 IN LINE 15 OF SAFE.C: not every exit path returns a value


MODULE INFORMATION:   STATIC OVERLAYABLE
   CODE SIZE        =    125    ----
   CONSTANT SIZE    =   ----    ----
   XDATA SIZE       =   ----    ----
   PDATA SIZE       =   ----    ----
   DATA SIZE        =   ----    ----
   IDATA SIZE       =   ----    ----
   BIT SIZE         =   ----    ----
END OF MODULE INFORMATION.


C51 COMPILATION COMPLETE.  2 WARNING(S),  0 ERROR(S)
