C51 COMPILER V9.01   UART                                                                  01/13/2021 23:25:28 PAGE 1   


C51 COMPILER V9.01, COMPILATION OF MODULE UART
OBJECT MODULE PLACED IN UART.OBJ
COMPILER INVOKED BY: D:\Keil_v5\C51\BIN\C51.EXE UART.c OPTIMIZE(8,SPEED) BROWSE INCDIR(..\05大实验) DEBUG OBJECTEXTEND P
                    -RINT(.\Listings\UART.lst) TABS(2)

line level    source

   1          #include "UART.h"
   2          extern unsigned char mech_step;
   3          extern unsigned char recv_commond;
   4          static unsigned char recv_temp;
   5          
   6          char putchar(char c){ //重写了putchar函数，在include stdio.h后就可以使用printf了
   7   1        SBUF = c;
   8   1        while(!TI);//Here，等待清除标志位，注意这里是阻塞的
   9   1        TI = 0;
  10   1        return c;
  11   1      }
  12          
  13          
  14          void UartInit(void)   //4800bps@11.0592MHz
  15          {
  16   1        PCON &= 0x7F;   //波特率不倍速
  17   1        SCON = 0x50;    //8位数据,可变波特率
  18   1        //AUXR &= 0xBF;   //定时器1时钟为Fosc/12,即12T
  19   1        //AUXR &= 0xFE;   //串口1选择定时器1为波特率发生器
  20   1        //stc中才有这个AUXR寄存器，没有的话，默认选定时器1、12T模式，再删去这一行即可
  21   1        TMOD &= 0x0F;   //清除定时器1模式位
  22   1        TMOD |= 0x20;   //设定定时器1为8位自动重装方式
  23   1        TL1 = 0xFA;   //设定定时初值
  24   1        TH1 = 0xFA;   //设定定时器重装值
  25   1        ET1 = 0;    //禁止定时器1中断
  26   1        ES = 1;
  27   1        EA = 1;
  28   1        TR1 = 1;    //启动定时器1
  29   1      }
  30          
  31          void uart_ISR() interrupt 4
  32          {
  33   1        unsigned char recv_data;
  34   1        if(RI){
  35   2          RI = 0;
  36   2          recv_data = SBUF;
  37   2          switch(mech_step){
  38   3            case 1:{
  39   4            if(recv_data == '^'){
  40   5            mech_step = 2;
  41   5            }
  42   4            }break;
  43   3            case 2:{
  44   4            if(recv_data == LocalHost){
  45   5            mech_step = 3;  
  46   5            }
  47   4            else {
  48   5            mech_step = 1;
  49   5            }
  50   4            }break;
  51   3            case 3:{
  52   4            recv_commond = recv_data;
  53   4            mech_step = 1;  //接收完毕
  54   4              //if(recv_commond == '1')
C51 COMPILER V9.01   UART                                                                  01/13/2021 23:25:28 PAGE 2   

  55   4                {
  56   5              printf("【0x41】从机A应答！\r\n");
  57   5              }
  58   4            }break;
  59   3            default :break;
  60   3          }
  61   2      
  62   2        }
  63   1      } 


MODULE INFORMATION:   STATIC OVERLAYABLE
   CODE SIZE        =    146    ----
   CONSTANT SIZE    =     22    ----
   XDATA SIZE       =   ----    ----
   PDATA SIZE       =   ----    ----
   DATA SIZE        =      1    ----
   IDATA SIZE       =   ----    ----
   BIT SIZE         =   ----    ----
END OF MODULE INFORMATION.


C51 COMPILATION COMPLETE.  0 WARNING(S),  0 ERROR(S)
